bash: 0: command not found
[2025-06-18 21:43:46] === INICIANDO VERIFICACIÓN DE LICENCIAS ===
[2025-06-18 21:43:46] === RESUMEN ===
[2025-06-18 21:43:46] Total notificaciones enviadas: 0
[2025-06-18 21:49:31] === INICIANDO VERIFICACIÓN DE LICENCIAS ===
[2025-06-18 21:49:31] === RESUMEN ===
[2025-06-18 21:49:31] Total notificaciones enviadas: 0
X-Powered-By: PHP/8.2.28
Content-type: text/html; charset=UTF-8

// =====================================================================
// ARCHIVO 2: whatsapp_notifier.php (para cron job)
// =====================================================================


X-Powered-By: PHP/8.2.28
Content-type: text/html; charset=UTF-8

// =====================================================================
// ARCHIVO 2: whatsapp_notifier.php (para cron job)
// =====================================================================


X-Powered-By: PHP/8.1.32
Content-type: text/html; charset=UTF-8

// =====================================================================
// ARCHIVO 2: whatsapp_notifier.php (para cron job)
// =====================================================================


X-Powered-By: PHP/8.1.32
Content-type: text/html; charset=UTF-8

// =====================================================================
// ARCHIVO 2: whatsapp_notifier.php (para cron job)
// =====================================================================


